2024-07-09 13:01:50 INFO  c.k.e.EmployeeLoginApplication - Starting EmployeeLoginApplication using Java 17.0.11 with PID 391610 (/home/mohit.kumar/Documents/EmployeeLogin_optimise/target/classes started by mohit.kumar in /home/mohit.kumar/Documents/EmployeeLogin_optimise)
2024-07-09 13:01:50 INFO  c.k.e.EmployeeLoginApplication - No active profile set, falling back to 1 default profile: "default"
2024-07-09 13:01:51 INFO  o.s.d.r.c.RepositoryConfigurationDelegate - Multiple Spring Data modules found, entering strict repository configuration mode
2024-07-09 13:01:51 INFO  o.s.d.r.c.RepositoryConfigurationDelegate - Bootstrapping Spring Data JPA repositories in DEFAULT mode.
2024-07-09 13:01:51 INFO  o.s.d.r.c.RepositoryConfigurationDelegate - Finished Spring Data repository scanning in 8 ms. Found 0 JPA repository interfaces.
2024-07-09 13:01:51 INFO  o.s.d.r.c.RepositoryConfigurationDelegate - Multiple Spring Data modules found, entering strict repository configuration mode
2024-07-09 13:01:51 INFO  o.s.d.r.c.RepositoryConfigurationDelegate - Bootstrapping Spring Data Redis repositories in DEFAULT mode.
2024-07-09 13:01:51 INFO  o.s.d.r.c.RepositoryConfigurationDelegate - Finished Spring Data repository scanning in 1 ms. Found 0 Redis repository interfaces.
2024-07-09 13:01:51 INFO  o.s.b.w.e.tomcat.TomcatWebServer - Tomcat initialized with port 8080 (http)
2024-07-09 13:01:51 INFO  o.a.coyote.http11.Http11NioProtocol - Initializing ProtocolHandler ["http-nio-8080"]
2024-07-09 13:01:51 INFO  o.a.catalina.core.StandardService - Starting service [Tomcat]
2024-07-09 13:01:51 INFO  o.a.catalina.core.StandardEngine - Starting Servlet engine: [Apache Tomcat/10.1.25]
2024-07-09 13:01:51 INFO  o.a.c.c.C.[Tomcat].[localhost].[/] - Initializing Spring embedded WebApplicationContext
2024-07-09 13:01:51 INFO  o.s.b.w.s.c.ServletWebServerApplicationContext - Root WebApplicationContext: initialization completed in 1000 ms
2024-07-09 13:01:51 INFO  org.hibernate.Version - HHH000412: Hibernate ORM core version 6.5.2.Final
2024-07-09 13:01:51 INFO  o.h.c.i.RegionFactoryInitiator - HHH000026: Second-level cache disabled
2024-07-09 13:01:51 WARN  org.hibernate.orm.deprecation - HHH90000025: MySQLDialect does not need to be specified explicitly using 'hibernate.dialect' (remove the property setting and it will be selected by default)
2024-07-09 13:01:52 INFO  o.h.e.t.j.p.i.JtaPlatformInitiator - HHH000489: No JTA platform available (set 'hibernate.transaction.jta.platform' to enable JTA platform integration)
2024-07-09 13:01:52 INFO  org.redisson.Version - Redisson 3.16.3
2024-07-09 13:01:52 INFO  o.r.c.p.MasterPubSubConnectionPool - 1 connections initialized for 127.0.0.1/127.0.0.1:6379
2024-07-09 13:01:52 INFO  o.r.c.pool.MasterConnectionPool - 24 connections initialized for 127.0.0.1/127.0.0.1:6379
2024-07-09 13:01:52 WARN  o.s.b.a.o.j.JpaBaseConfiguration$JpaWebConfiguration - spring.jpa.open-in-view is enabled by default. Therefore, database queries may be performed during view rendering. Explicitly configure spring.jpa.open-in-view to disable this warning
2024-07-09 13:01:53 INFO  o.a.coyote.http11.Http11NioProtocol - Starting ProtocolHandler ["http-nio-8080"]
2024-07-09 13:01:53 INFO  o.s.b.w.e.tomcat.TomcatWebServer - Tomcat started on port 8080 (http) with context path '/'
2024-07-09 13:01:53 INFO  o.a.k.c.consumer.ConsumerConfig - ConsumerConfig values: 
	allow.auto.create.topics = true
	auto.commit.interval.ms = 5000
	auto.include.jmx.reporter = true
	auto.offset.reset = latest
	bootstrap.servers = [localhost:9092]
	check.crcs = true
	client.dns.lookup = use_all_dns_ips
	client.id = consumer-employee-group-1
	client.rack = 
	connections.max.idle.ms = 540000
	default.api.timeout.ms = 60000
	enable.auto.commit = false
	enable.metrics.push = true
	exclude.internal.topics = true
	fetch.max.bytes = 52428800
	fetch.max.wait.ms = 500
	fetch.min.bytes = 1
	group.id = employee-group
	group.instance.id = null
	group.protocol = classic
	group.remote.assignor = null
	heartbeat.interval.ms = 3000
	interceptor.classes = []
	internal.leave.group.on.close = true
	internal.throw.on.fetch.stable.offset.unsupported = false
	isolation.level = read_uncommitted
	key.deserializer = class org.apache.kafka.common.serialization.StringDeserializer
	max.partition.fetch.bytes = 1048576
	max.poll.interval.ms = 300000
	max.poll.records = 500
	metadata.max.age.ms = 300000
	metric.reporters = []
	metrics.num.samples = 2
	metrics.recording.level = INFO
	metrics.sample.window.ms = 30000
	partition.assignment.strategy = [class org.apache.kafka.clients.consumer.RangeAssignor, class org.apache.kafka.clients.consumer.CooperativeStickyAssignor]
	receive.buffer.bytes = 65536
	reconnect.backoff.max.ms = 1000
	reconnect.backoff.ms = 50
	request.timeout.ms = 30000
	retry.backoff.max.ms = 1000
	retry.backoff.ms = 100
	sasl.client.callback.handler.class = null
	sasl.jaas.config = null
	sasl.kerberos.kinit.cmd = /usr/bin/kinit
	sasl.kerberos.min.time.before.relogin = 60000
	sasl.kerberos.service.name = null
	sasl.kerberos.ticket.renew.jitter = 0.05
	sasl.kerberos.ticket.renew.window.factor = 0.8
	sasl.login.callback.handler.class = null
	sasl.login.class = null
	sasl.login.connect.timeout.ms = null
	sasl.login.read.timeout.ms = null
	sasl.login.refresh.buffer.seconds = 300
	sasl.login.refresh.min.period.seconds = 60
	sasl.login.refresh.window.factor = 0.8
	sasl.login.refresh.window.jitter = 0.05
	sasl.login.retry.backoff.max.ms = 10000
	sasl.login.retry.backoff.ms = 100
	sasl.mechanism = GSSAPI
	sasl.oauthbearer.clock.skew.seconds = 30
	sasl.oauthbearer.expected.audience = null
	sasl.oauthbearer.expected.issuer = null
	sasl.oauthbearer.jwks.endpoint.refresh.ms = 3600000
	sasl.oauthbearer.jwks.endpoint.retry.backoff.max.ms = 10000
	sasl.oauthbearer.jwks.endpoint.retry.backoff.ms = 100
	sasl.oauthbearer.jwks.endpoint.url = null
	sasl.oauthbearer.scope.claim.name = scope
	sasl.oauthbearer.sub.claim.name = sub
	sasl.oauthbearer.token.endpoint.url = null
	security.protocol = PLAINTEXT
	security.providers = null
	send.buffer.bytes = 131072
	session.timeout.ms = 45000
	socket.connection.setup.timeout.max.ms = 30000
	socket.connection.setup.timeout.ms = 10000
	ssl.cipher.suites = null
	ssl.enabled.protocols = [TLSv1.2, TLSv1.3]
	ssl.endpoint.identification.algorithm = https
	ssl.engine.factory.class = null
	ssl.key.password = null
	ssl.keymanager.algorithm = SunX509
	ssl.keystore.certificate.chain = null
	ssl.keystore.key = null
	ssl.keystore.location = null
	ssl.keystore.password = null
	ssl.keystore.type = JKS
	ssl.protocol = TLSv1.3
	ssl.provider = null
	ssl.secure.random.implementation = null
	ssl.trustmanager.algorithm = PKIX
	ssl.truststore.certificates = null
	ssl.truststore.location = null
	ssl.truststore.password = null
	ssl.truststore.type = JKS
	value.deserializer = class org.springframework.kafka.support.serializer.ErrorHandlingDeserializer

2024-07-09 13:01:53 INFO  o.a.k.c.t.i.KafkaMetricsCollector - initializing Kafka metrics collector
2024-07-09 13:01:53 INFO  o.a.k.c.consumer.ConsumerConfig - These configurations '[spring.json.trusted.packages]' were supplied but are not used yet.
2024-07-09 13:01:53 INFO  o.a.kafka.common.utils.AppInfoParser - Kafka version: 3.7.0
2024-07-09 13:01:53 INFO  o.a.kafka.common.utils.AppInfoParser - Kafka commitId: 2ae524ed625438c5
2024-07-09 13:01:53 INFO  o.a.kafka.common.utils.AppInfoParser - Kafka startTimeMs: 1720510313693
2024-07-09 13:01:53 INFO  o.a.k.c.c.i.LegacyKafkaConsumer - [Consumer clientId=consumer-employee-group-1, groupId=employee-group] Subscribed to topic(s): employee-topic
2024-07-09 13:01:53 INFO  c.k.e.EmployeeLoginApplication - Started EmployeeLoginApplication in 3.47 seconds (process running for 3.783)
2024-07-09 13:01:53 INFO  org.apache.kafka.clients.Metadata - [Consumer clientId=consumer-employee-group-1, groupId=employee-group] Cluster ID: OLu-XQJbQ0iv5lCQWskzAA
2024-07-09 13:01:53 INFO  o.a.k.c.c.i.ConsumerCoordinator - [Consumer clientId=consumer-employee-group-1, groupId=employee-group] Discovered group coordinator Stock-3:9092 (id: 2147483647 rack: null)
2024-07-09 13:01:53 INFO  o.a.k.c.c.i.ConsumerCoordinator - [Consumer clientId=consumer-employee-group-1, groupId=employee-group] (Re-)joining group
2024-07-09 13:01:53 INFO  o.a.k.c.c.i.ConsumerCoordinator - [Consumer clientId=consumer-employee-group-1, groupId=employee-group] Request joining group due to: need to re-join with the given member-id: consumer-employee-group-1-a33d7c45-4ae4-4296-8a00-4b6bb4a8b218
2024-07-09 13:01:53 INFO  o.a.k.c.c.i.ConsumerCoordinator - [Consumer clientId=consumer-employee-group-1, groupId=employee-group] (Re-)joining group
2024-07-09 13:01:54 INFO  o.a.k.c.c.i.ConsumerCoordinator - [Consumer clientId=consumer-employee-group-1, groupId=employee-group] Successfully joined group with generation Generation{generationId=67, memberId='consumer-employee-group-1-a33d7c45-4ae4-4296-8a00-4b6bb4a8b218', protocol='range'}
2024-07-09 13:01:54 INFO  o.a.k.c.c.i.ConsumerCoordinator - [Consumer clientId=consumer-employee-group-1, groupId=employee-group] Successfully synced group in generation Generation{generationId=67, memberId='consumer-employee-group-1-a33d7c45-4ae4-4296-8a00-4b6bb4a8b218', protocol='range'}
2024-07-09 13:01:54 INFO  o.a.k.c.c.i.ConsumerCoordinator - [Consumer clientId=consumer-employee-group-1, groupId=employee-group] Notifying assignor about the new Assignment(partitions=[])
2024-07-09 13:01:54 INFO  o.a.k.c.c.i.ConsumerRebalanceListenerInvoker - [Consumer clientId=consumer-employee-group-1, groupId=employee-group] Adding newly assigned partitions: 
2024-07-09 13:01:54 INFO  o.s.k.l.KafkaMessageListenerContainer - employee-group: partitions assigned: []
2024-07-09 13:02:00 INFO  o.a.c.c.C.[Tomcat].[localhost].[/] - Initializing Spring DispatcherServlet 'dispatcherServlet'
2024-07-09 13:02:00 INFO  o.s.web.servlet.DispatcherServlet - Initializing Servlet 'dispatcherServlet'
2024-07-09 13:02:00 INFO  o.s.web.servlet.DispatcherServlet - Completed initialization in 0 ms
2024-07-09 13:02:00 WARN  o.s.w.s.m.s.DefaultHandlerExceptionResolver - Resolved [org.springframework.http.converter.HttpMessageNotReadableException: JSON parse error: Cannot deserialize value of type `int` from String "mohit": not a valid `int` value]
2024-07-09 13:10:53 INFO  o.apache.kafka.clients.NetworkClient - [Consumer clientId=consumer-employee-group-1, groupId=employee-group] Node -1 disconnected.
2024-07-09 13:20:53 INFO  o.apache.kafka.clients.NetworkClient - [Consumer clientId=consumer-employee-group-1, groupId=employee-group] Node -1 disconnected.
2024-07-09 15:01:50 INFO  o.a.k.c.c.i.ConsumerCoordinator - [Consumer clientId=consumer-employee-group-1, groupId=employee-group] Group coordinator Stock-3:9092 (id: 2147483647 rack: null) is unavailable or invalid due to cause: session timed out without receiving a heartbeat response. isDisconnected: false. Rediscovery will be attempted.
2024-07-09 15:01:50 INFO  o.a.k.c.c.i.ConsumerCoordinator - [Consumer clientId=consumer-employee-group-1, groupId=employee-group] Requesting disconnect from last known coordinator Stock-3:9092 (id: 2147483647 rack: null)
2024-07-09 15:01:50 INFO  o.apache.kafka.clients.NetworkClient - [Consumer clientId=consumer-employee-group-1, groupId=employee-group] Client requested disconnect from node 2147483647
2024-07-09 15:01:50 INFO  o.a.k.c.c.i.ConsumerCoordinator - [Consumer clientId=consumer-employee-group-1, groupId=employee-group] Discovered group coordinator Stock-3:9092 (id: 2147483647 rack: null)
2024-07-09 15:01:50 INFO  o.a.k.c.c.i.ConsumerCoordinator - [Consumer clientId=consumer-employee-group-1, groupId=employee-group] Discovered group coordinator Stock-3:9092 (id: 2147483647 rack: null)
2024-07-09 15:01:50 INFO  o.a.k.c.c.i.ConsumerCoordinator - [Consumer clientId=consumer-employee-group-1, groupId=employee-group] Group coordinator Stock-3:9092 (id: 2147483647 rack: null) is unavailable or invalid due to cause: coordinator unavailable. isDisconnected: false. Rediscovery will be attempted.
2024-07-09 15:01:50 INFO  o.a.k.c.c.i.ConsumerCoordinator - [Consumer clientId=consumer-employee-group-1, groupId=employee-group] Requesting disconnect from last known coordinator Stock-3:9092 (id: 2147483647 rack: null)
2024-07-09 15:01:50 INFO  o.a.k.c.c.i.ConsumerCoordinator - [Consumer clientId=consumer-employee-group-1, groupId=employee-group] Discovered group coordinator Stock-3:9092 (id: 2147483647 rack: null)
2024-07-09 15:32:12 INFO  o.a.k.c.c.i.ConsumerCoordinator - [Consumer clientId=consumer-employee-group-1, groupId=employee-group] Group coordinator Stock-3:9092 (id: 2147483647 rack: null) is unavailable or invalid due to cause: session timed out without receiving a heartbeat response. isDisconnected: false. Rediscovery will be attempted.
2024-07-09 15:32:12 INFO  o.a.k.c.c.i.ConsumerCoordinator - [Consumer clientId=consumer-employee-group-1, groupId=employee-group] Requesting disconnect from last known coordinator Stock-3:9092 (id: 2147483647 rack: null)
2024-07-09 15:32:12 INFO  o.apache.kafka.clients.NetworkClient - [Consumer clientId=consumer-employee-group-1, groupId=employee-group] Client requested disconnect from node 2147483647
2024-07-09 15:32:12 INFO  o.a.k.c.c.i.ConsumerCoordinator - [Consumer clientId=consumer-employee-group-1, groupId=employee-group] Discovered group coordinator Stock-3:9092 (id: 2147483647 rack: null)
2024-07-09 15:32:12 INFO  o.a.k.c.c.i.ConsumerCoordinator - [Consumer clientId=consumer-employee-group-1, groupId=employee-group] Group coordinator Stock-3:9092 (id: 2147483647 rack: null) is unavailable or invalid due to cause: coordinator unavailable. isDisconnected: false. Rediscovery will be attempted.
2024-07-09 15:32:12 INFO  o.a.k.c.c.i.ConsumerCoordinator - [Consumer clientId=consumer-employee-group-1, groupId=employee-group] Requesting disconnect from last known coordinator Stock-3:9092 (id: 2147483647 rack: null)
2024-07-09 15:32:12 INFO  o.a.k.c.c.i.ConsumerCoordinator - [Consumer clientId=consumer-employee-group-1, groupId=employee-group] Discovered group coordinator Stock-3:9092 (id: 2147483647 rack: null)
2024-07-09 15:46:19 INFO  o.a.k.c.c.i.ConsumerCoordinator - [Consumer clientId=consumer-employee-group-1, groupId=employee-group] Group coordinator Stock-3:9092 (id: 2147483647 rack: null) is unavailable or invalid due to cause: session timed out without receiving a heartbeat response. isDisconnected: false. Rediscovery will be attempted.
2024-07-09 15:46:19 INFO  o.a.k.c.c.i.ConsumerCoordinator - [Consumer clientId=consumer-employee-group-1, groupId=employee-group] Requesting disconnect from last known coordinator Stock-3:9092 (id: 2147483647 rack: null)
2024-07-09 15:46:19 INFO  o.apache.kafka.clients.NetworkClient - [Consumer clientId=consumer-employee-group-1, groupId=employee-group] Client requested disconnect from node 2147483647
2024-07-09 15:46:19 INFO  o.a.k.c.c.i.ConsumerCoordinator - [Consumer clientId=consumer-employee-group-1, groupId=employee-group] Discovered group coordinator Stock-3:9092 (id: 2147483647 rack: null)
2024-07-09 15:46:19 INFO  o.a.k.c.c.i.ConsumerCoordinator - [Consumer clientId=consumer-employee-group-1, groupId=employee-group] Group coordinator Stock-3:9092 (id: 2147483647 rack: null) is unavailable or invalid due to cause: coordinator unavailable. isDisconnected: false. Rediscovery will be attempted.
2024-07-09 15:46:19 INFO  o.a.k.c.c.i.ConsumerCoordinator - [Consumer clientId=consumer-employee-group-1, groupId=employee-group] Requesting disconnect from last known coordinator Stock-3:9092 (id: 2147483647 rack: null)
2024-07-09 15:46:19 INFO  o.a.k.c.c.i.ConsumerCoordinator - [Consumer clientId=consumer-employee-group-1, groupId=employee-group] Discovered group coordinator Stock-3:9092 (id: 2147483647 rack: null)
2024-07-09 15:47:49 INFO  o.a.k.c.c.i.ConsumerCoordinator - [Consumer clientId=consumer-employee-group-1, groupId=employee-group] Group coordinator Stock-3:9092 (id: 2147483647 rack: null) is unavailable or invalid due to cause: session timed out without receiving a heartbeat response. isDisconnected: false. Rediscovery will be attempted.
2024-07-09 15:47:49 INFO  o.a.k.c.c.i.ConsumerCoordinator - [Consumer clientId=consumer-employee-group-1, groupId=employee-group] Requesting disconnect from last known coordinator Stock-3:9092 (id: 2147483647 rack: null)
2024-07-09 15:47:49 INFO  o.apache.kafka.clients.NetworkClient - [Consumer clientId=consumer-employee-group-1, groupId=employee-group] Client requested disconnect from node 2147483647
2024-07-09 15:47:49 INFO  o.a.k.c.c.i.ConsumerCoordinator - [Consumer clientId=consumer-employee-group-1, groupId=employee-group] Discovered group coordinator Stock-3:9092 (id: 2147483647 rack: null)
2024-07-09 15:47:49 INFO  o.a.k.c.c.i.ConsumerCoordinator - [Consumer clientId=consumer-employee-group-1, groupId=employee-group] Group coordinator Stock-3:9092 (id: 2147483647 rack: null) is unavailable or invalid due to cause: coordinator unavailable. isDisconnected: false. Rediscovery will be attempted.
2024-07-09 15:47:49 INFO  o.a.k.c.c.i.ConsumerCoordinator - [Consumer clientId=consumer-employee-group-1, groupId=employee-group] Requesting disconnect from last known coordinator Stock-3:9092 (id: 2147483647 rack: null)
2024-07-09 15:47:49 INFO  o.a.k.c.c.i.ConsumerCoordinator - [Consumer clientId=consumer-employee-group-1, groupId=employee-group] Discovered group coordinator Stock-3:9092 (id: 2147483647 rack: null)
2024-07-09 16:54:24 INFO  o.a.k.c.c.i.ConsumerCoordinator - [Consumer clientId=consumer-employee-group-1, groupId=employee-group] Group coordinator Stock-3:9092 (id: 2147483647 rack: null) is unavailable or invalid due to cause: session timed out without receiving a heartbeat response. isDisconnected: false. Rediscovery will be attempted.
2024-07-09 16:54:24 INFO  o.a.k.c.c.i.ConsumerCoordinator - [Consumer clientId=consumer-employee-group-1, groupId=employee-group] Requesting disconnect from last known coordinator Stock-3:9092 (id: 2147483647 rack: null)
2024-07-09 16:54:24 INFO  o.apache.kafka.clients.NetworkClient - [Consumer clientId=consumer-employee-group-1, groupId=employee-group] Client requested disconnect from node 2147483647
2024-07-09 16:54:24 INFO  o.a.k.c.c.i.ConsumerCoordinator - [Consumer clientId=consumer-employee-group-1, groupId=employee-group] Discovered group coordinator Stock-3:9092 (id: 2147483647 rack: null)
2024-07-09 16:54:24 INFO  o.a.k.c.c.i.ConsumerCoordinator - [Consumer clientId=consumer-employee-group-1, groupId=employee-group] Group coordinator Stock-3:9092 (id: 2147483647 rack: null) is unavailable or invalid due to cause: coordinator unavailable. isDisconnected: false. Rediscovery will be attempted.
2024-07-09 16:54:24 INFO  o.a.k.c.c.i.ConsumerCoordinator - [Consumer clientId=consumer-employee-group-1, groupId=employee-group] Requesting disconnect from last known coordinator Stock-3:9092 (id: 2147483647 rack: null)
2024-07-09 16:54:24 INFO  o.a.k.c.c.i.ConsumerCoordinator - [Consumer clientId=consumer-employee-group-1, groupId=employee-group] Discovered group coordinator Stock-3:9092 (id: 2147483647 rack: null)
2024-07-09 16:57:09 INFO  o.a.k.c.c.i.ConsumerCoordinator - [Consumer clientId=consumer-employee-group-1, groupId=employee-group] Group coordinator Stock-3:9092 (id: 2147483647 rack: null) is unavailable or invalid due to cause: session timed out without receiving a heartbeat response. isDisconnected: false. Rediscovery will be attempted.
2024-07-09 16:57:09 INFO  o.a.k.c.c.i.ConsumerCoordinator - [Consumer clientId=consumer-employee-group-1, groupId=employee-group] Requesting disconnect from last known coordinator Stock-3:9092 (id: 2147483647 rack: null)
2024-07-09 16:57:09 INFO  o.apache.kafka.clients.NetworkClient - [Consumer clientId=consumer-employee-group-1, groupId=employee-group] Client requested disconnect from node 2147483647
2024-07-09 16:57:09 INFO  o.a.k.c.c.i.ConsumerCoordinator - [Consumer clientId=consumer-employee-group-1, groupId=employee-group] Discovered group coordinator Stock-3:9092 (id: 2147483647 rack: null)
2024-07-09 16:57:09 INFO  o.a.k.c.c.i.ConsumerCoordinator - [Consumer clientId=consumer-employee-group-1, groupId=employee-group] Group coordinator Stock-3:9092 (id: 2147483647 rack: null) is unavailable or invalid due to cause: coordinator unavailable. isDisconnected: false. Rediscovery will be attempted.
2024-07-09 16:57:09 INFO  o.a.k.c.c.i.ConsumerCoordinator - [Consumer clientId=consumer-employee-group-1, groupId=employee-group] Requesting disconnect from last known coordinator Stock-3:9092 (id: 2147483647 rack: null)
2024-07-09 16:57:09 INFO  o.a.k.c.c.i.ConsumerCoordinator - [Consumer clientId=consumer-employee-group-1, groupId=employee-group] Discovered group coordinator Stock-3:9092 (id: 2147483647 rack: null)
2024-07-09 17:36:26 INFO  o.a.k.c.c.i.ConsumerCoordinator - [Consumer clientId=consumer-employee-group-1, groupId=employee-group] Group coordinator Stock-3:9092 (id: 2147483647 rack: null) is unavailable or invalid due to cause: session timed out without receiving a heartbeat response. isDisconnected: false. Rediscovery will be attempted.
2024-07-09 17:36:26 INFO  o.a.k.c.c.i.ConsumerCoordinator - [Consumer clientId=consumer-employee-group-1, groupId=employee-group] Requesting disconnect from last known coordinator Stock-3:9092 (id: 2147483647 rack: null)
2024-07-09 17:36:26 INFO  o.apache.kafka.clients.NetworkClient - [Consumer clientId=consumer-employee-group-1, groupId=employee-group] Client requested disconnect from node 2147483647
2024-07-09 17:36:26 INFO  o.a.k.c.c.i.ConsumerCoordinator - [Consumer clientId=consumer-employee-group-1, groupId=employee-group] Discovered group coordinator Stock-3:9092 (id: 2147483647 rack: null)
2024-07-09 17:36:26 INFO  o.a.k.c.c.i.ConsumerCoordinator - [Consumer clientId=consumer-employee-group-1, groupId=employee-group] Group coordinator Stock-3:9092 (id: 2147483647 rack: null) is unavailable or invalid due to cause: coordinator unavailable. isDisconnected: false. Rediscovery will be attempted.
2024-07-09 17:36:26 INFO  o.a.k.c.c.i.ConsumerCoordinator - [Consumer clientId=consumer-employee-group-1, groupId=employee-group] Requesting disconnect from last known coordinator Stock-3:9092 (id: 2147483647 rack: null)
2024-07-09 17:36:26 INFO  o.a.k.c.c.i.ConsumerCoordinator - [Consumer clientId=consumer-employee-group-1, groupId=employee-group] Discovered group coordinator Stock-3:9092 (id: 2147483647 rack: null)
2024-07-09 18:11:52 INFO  o.a.k.c.c.i.ConsumerCoordinator - [Consumer clientId=consumer-employee-group-1, groupId=employee-group] Group coordinator Stock-3:9092 (id: 2147483647 rack: null) is unavailable or invalid due to cause: session timed out without receiving a heartbeat response. isDisconnected: false. Rediscovery will be attempted.
2024-07-09 18:11:52 INFO  o.a.k.c.c.i.ConsumerCoordinator - [Consumer clientId=consumer-employee-group-1, groupId=employee-group] Requesting disconnect from last known coordinator Stock-3:9092 (id: 2147483647 rack: null)
2024-07-09 18:11:52 INFO  o.apache.kafka.clients.NetworkClient - [Consumer clientId=consumer-employee-group-1, groupId=employee-group] Client requested disconnect from node 2147483647
2024-07-09 18:11:52 INFO  o.a.k.c.c.i.ConsumerCoordinator - [Consumer clientId=consumer-employee-group-1, groupId=employee-group] Discovered group coordinator Stock-3:9092 (id: 2147483647 rack: null)
2024-07-09 18:11:52 INFO  o.a.k.c.c.i.ConsumerCoordinator - [Consumer clientId=consumer-employee-group-1, groupId=employee-group] Group coordinator Stock-3:9092 (id: 2147483647 rack: null) is unavailable or invalid due to cause: coordinator unavailable. isDisconnected: false. Rediscovery will be attempted.
2024-07-09 18:11:52 INFO  o.a.k.c.c.i.ConsumerCoordinator - [Consumer clientId=consumer-employee-group-1, groupId=employee-group] Requesting disconnect from last known coordinator Stock-3:9092 (id: 2147483647 rack: null)
2024-07-09 18:11:52 INFO  o.a.k.c.c.i.ConsumerCoordinator - [Consumer clientId=consumer-employee-group-1, groupId=employee-group] Discovered group coordinator Stock-3:9092 (id: 2147483647 rack: null)
2024-07-09 18:39:14 INFO  o.a.k.c.c.i.ConsumerCoordinator - [Consumer clientId=consumer-employee-group-1, groupId=employee-group] Group coordinator Stock-3:9092 (id: 2147483647 rack: null) is unavailable or invalid due to cause: session timed out without receiving a heartbeat response. isDisconnected: false. Rediscovery will be attempted.
2024-07-09 18:39:14 INFO  o.a.k.c.c.i.ConsumerCoordinator - [Consumer clientId=consumer-employee-group-1, groupId=employee-group] Requesting disconnect from last known coordinator Stock-3:9092 (id: 2147483647 rack: null)
2024-07-09 18:39:14 INFO  o.apache.kafka.clients.NetworkClient - [Consumer clientId=consumer-employee-group-1, groupId=employee-group] Client requested disconnect from node 2147483647
2024-07-09 18:39:14 INFO  o.a.k.c.c.i.ConsumerCoordinator - [Consumer clientId=consumer-employee-group-1, groupId=employee-group] Discovered group coordinator Stock-3:9092 (id: 2147483647 rack: null)
2024-07-09 18:39:14 INFO  o.a.k.c.c.i.ConsumerCoordinator - [Consumer clientId=consumer-employee-group-1, groupId=employee-group] Group coordinator Stock-3:9092 (id: 2147483647 rack: null) is unavailable or invalid due to cause: coordinator unavailable. isDisconnected: false. Rediscovery will be attempted.
2024-07-09 18:39:14 INFO  o.a.k.c.c.i.ConsumerCoordinator - [Consumer clientId=consumer-employee-group-1, groupId=employee-group] Requesting disconnect from last known coordinator Stock-3:9092 (id: 2147483647 rack: null)
2024-07-09 18:39:14 INFO  o.a.k.c.c.i.ConsumerCoordinator - [Consumer clientId=consumer-employee-group-1, groupId=employee-group] Discovered group coordinator Stock-3:9092 (id: 2147483647 rack: null)
2024-07-10 10:37:52 INFO  o.a.k.c.c.i.ConsumerCoordinator - [Consumer clientId=consumer-employee-group-1, groupId=employee-group] Group coordinator Stock-3:9092 (id: 2147483647 rack: null) is unavailable or invalid due to cause: session timed out without receiving a heartbeat response. isDisconnected: false. Rediscovery will be attempted.
2024-07-10 10:37:52 INFO  o.a.k.c.c.i.ConsumerCoordinator - [Consumer clientId=consumer-employee-group-1, groupId=employee-group] Requesting disconnect from last known coordinator Stock-3:9092 (id: 2147483647 rack: null)
2024-07-10 10:37:52 INFO  o.apache.kafka.clients.NetworkClient - [Consumer clientId=consumer-employee-group-1, groupId=employee-group] Client requested disconnect from node 2147483647
2024-07-10 10:37:52 INFO  o.a.k.c.c.i.ConsumerCoordinator - [Consumer clientId=consumer-employee-group-1, groupId=employee-group] Discovered group coordinator Stock-3:9092 (id: 2147483647 rack: null)
2024-07-10 10:37:52 INFO  o.a.k.c.c.i.ConsumerCoordinator - [Consumer clientId=consumer-employee-group-1, groupId=employee-group] Group coordinator Stock-3:9092 (id: 2147483647 rack: null) is unavailable or invalid due to cause: coordinator unavailable. isDisconnected: false. Rediscovery will be attempted.
2024-07-10 10:37:52 INFO  o.a.k.c.c.i.ConsumerCoordinator - [Consumer clientId=consumer-employee-group-1, groupId=employee-group] Requesting disconnect from last known coordinator Stock-3:9092 (id: 2147483647 rack: null)
2024-07-10 10:37:52 INFO  o.a.k.c.c.i.ConsumerCoordinator - [Consumer clientId=consumer-employee-group-1, groupId=employee-group] Discovered group coordinator Stock-3:9092 (id: 2147483647 rack: null)
2024-07-10 12:26:04 INFO  o.a.k.c.c.i.ConsumerCoordinator - [Consumer clientId=consumer-employee-group-1, groupId=employee-group] Member consumer-employee-group-1-a33d7c45-4ae4-4296-8a00-4b6bb4a8b218 sending LeaveGroup request to coordinator Stock-3:9092 (id: 2147483647 rack: null) due to the consumer unsubscribed from all topics
2024-07-10 12:26:04 INFO  o.a.k.c.c.i.ConsumerCoordinator - [Consumer clientId=consumer-employee-group-1, groupId=employee-group] Resetting generation and member id due to: consumer pro-actively leaving the group
2024-07-10 12:26:04 INFO  o.a.k.c.c.i.ConsumerCoordinator - [Consumer clientId=consumer-employee-group-1, groupId=employee-group] Request joining group due to: consumer pro-actively leaving the group
2024-07-10 12:26:04 INFO  o.a.k.c.c.i.LegacyKafkaConsumer - [Consumer clientId=consumer-employee-group-1, groupId=employee-group] Unsubscribed all topics or patterns and assigned partitions
2024-07-10 12:26:04 INFO  o.a.k.c.c.i.ConsumerCoordinator - [Consumer clientId=consumer-employee-group-1, groupId=employee-group] Resetting generation and member id due to: consumer pro-actively leaving the group
2024-07-10 12:26:04 INFO  o.a.k.c.c.i.ConsumerCoordinator - [Consumer clientId=consumer-employee-group-1, groupId=employee-group] Request joining group due to: consumer pro-actively leaving the group
2024-07-10 12:26:04 INFO  o.a.kafka.common.metrics.Metrics - Metrics scheduler closed
2024-07-10 12:26:04 INFO  o.a.kafka.common.metrics.Metrics - Closing reporter org.apache.kafka.common.metrics.JmxReporter
2024-07-10 12:26:04 INFO  o.a.kafka.common.metrics.Metrics - Closing reporter org.apache.kafka.common.telemetry.internals.ClientTelemetryReporter
2024-07-10 12:26:04 INFO  o.a.kafka.common.metrics.Metrics - Metrics reporters closed
2024-07-10 12:26:04 INFO  o.a.kafka.common.utils.AppInfoParser - App info kafka.consumer for consumer-employee-group-1 unregistered
2024-07-10 12:26:04 INFO  o.s.k.l.KafkaMessageListenerContainer - employee-group: Consumer stopped
